# JRE version: OpenJDK Runtime Environment (17.0.9) (build 17.0.9+0--11185874)
# Java VM: OpenJDK 64-Bit Server VM (17.0.9+0--11185874, mixed mode, tiered, compressed oops, compressed class ptrs, g1 gc, windows-amd64)
GC Precious Log:
 CPUs: 8 total, 8 available
 Memory: 16262M
 Large Page Support: Disabled
 NUMA Support: Disabled
 Compressed Oops: Enabled (Zero based)
 Heap Region Size: 4M
 Heap Min Capacity: 8M
 Heap Initial Capacity: 256M
 Heap Max Capacity: 8G
 Pre-touch: Disabled
 Parallel Workers: 8
 Concurrent Workers: 2
 Concurrent Refinement Workers: 8
 Periodic GC: Disabled
Heap:
 garbage-first heap   total 1564672K, used 535080K [0x0000000600000000, 0x0000000800000000)
  region size 4096K, 8 young (32768K), 8 survivors (32768K)
 Metaspace       used 315540K, committed 318016K, reserved 1376256K
  class space    used 41302K, committed 42432K, reserved 1048576K
GC Heap History (20 events):
Event: 4924.146 GC heap after
{Heap after GC invocations=141 (full 0):
 garbage-first heap   total 1302528K, used 437289K [0x0000000600000000, 0x0000000800000000)
  region size 4096K, 2 young (8192K), 2 survivors (8192K)
 Metaspace       used 312812K, committed 315264K, reserved 1376256K
  class space    used 41017K, committed 42112K, reserved 1048576K
}
Event: 4924.733 GC heap before
{Heap before GC invocations=141 (full 0):
 garbage-first heap   total 1302528K, used 637993K [0x0000000600000000, 0x0000000800000000)
  region size 4096K, 53 young (217088K), 2 survivors (8192K)
 Metaspace       used 313044K, committed 315520K, reserved 1376256K
  class space    used 41022K, committed 42176K, reserved 1048576K
}
Event: 4924.739 GC heap after
{Heap after GC invocations=142 (full 0):
 garbage-first heap   total 1564672K, used 432619K [0x0000000600000000, 0x0000000800000000)
  region size 4096K, 1 young (4096K), 1 survivors (4096K)
 Metaspace       used 313044K, committed 315520K, reserved 1376256K
  class space    used 41022K, committed 42176K, reserved 1048576K
}
Event: 4928.809 GC heap before
{Heap before GC invocations=143 (full 0):
 garbage-first heap   total 1564672K, used 1460715K [0x0000000600000000, 0x0000000800000000)
  region size 4096K, 225 young (921600K), 1 survivors (4096K)
 Metaspace       used 314226K, committed 316672K, reserved 1376256K
  class space    used 41217K, committed 42304K, reserved 1048576K
}
Event: 4928.883 GC heap after
{Heap after GC invocations=144 (full 0):
 garbage-first heap   total 1564672K, used 499161K [0x0000000600000000, 0x0000000800000000)
  region size 4096K, 18 young (73728K), 18 survivors (73728K)
 Metaspace       used 314226K, committed 316672K, reserved 1376256K
  class space    used 41217K, committed 42304K, reserved 1048576K
}
Event: 4928.899 GC heap before
{Heap before GC invocations=144 (full 0):
 garbage-first heap   total 1564672K, used 503257K [0x0000000600000000, 0x0000000800000000)
  region size 4096K, 19 young (77824K), 18 survivors (73728K)
 Metaspace       used 314227K, committed 316672K, reserved 1376256K
  class space    used 41217K, committed 42304K, reserved 1048576K
}
Event: 4928.983 GC heap after
{Heap after GC invocations=145 (full 0):
 garbage-first heap   total 1564672K, used 498972K [0x0000000600000000, 0x0000000800000000)
  region size 4096K, 2 young (8192K), 2 survivors (8192K)
 Metaspace       used 314227K, committed 316672K, reserved 1376256K
  class space    used 41217K, committed 42304K, reserved 1048576K
}
Event: 4931.746 GC heap before
{Heap before GC invocations=145 (full 0):
 garbage-first heap   total 1564672K, used 1285404K [0x0000000600000000, 0x0000000800000000)
  region size 4096K, 195 young (798720K), 2 survivors (8192K)
 Metaspace       used 314906K, committed 317376K, reserved 1376256K
  class space    used 41278K, committed 42368K, reserved 1048576K
}
Event: 4931.778 GC heap after
{Heap after GC invocations=146 (full 0):
 garbage-first heap   total 1564672K, used 514823K [0x0000000600000000, 0x0000000800000000)
  region size 4096K, 6 young (24576K), 6 survivors (24576K)
 Metaspace       used 314906K, committed 317376K, reserved 1376256K
  class space    used 41278K, committed 42368K, reserved 1048576K
}
Event: 4933.982 GC heap before
{Heap before GC invocations=147 (full 0):
 garbage-first heap   total 1564672K, used 1301255K [0x0000000600000000, 0x0000000800000000)
  region size 4096K, 198 young (811008K), 6 survivors (24576K)
 Metaspace       used 315051K, committed 317504K, reserved 1376256K
  class space    used 41286K, committed 42368K, reserved 1048576K
}
Event: 4934.010 GC heap after
{Heap after GC invocations=148 (full 0):
 garbage-first heap   total 1564672K, used 522830K [0x0000000600000000, 0x0000000800000000)
  region size 4096K, 8 young (32768K), 8 survivors (32768K)
 Metaspace       used 315051K, committed 317504K, reserved 1376256K
  class space    used 41286K, committed 42368K, reserved 1048576K
}
Event: 4934.082 GC heap before
{Heap before GC invocations=148 (full 0):
 garbage-first heap   total 1564672K, used 567886K [0x0000000600000000, 0x0000000800000000)
  region size 4096K, 19 young (77824K), 8 survivors (32768K)
 Metaspace       used 315054K, committed 317504K, reserved 1376256K
  class space    used 41286K, committed 42368K, reserved 1048576K
}
Event: 4934.138 GC heap after
{Heap after GC invocations=149 (full 0):
 garbage-first heap   total 1564672K, used 512016K [0x0000000600000000, 0x0000000800000000)
  region size 4096K, 2 young (8192K), 2 survivors (8192K)
 Metaspace       used 315054K, committed 317504K, reserved 1376256K
  class space    used 41286K, committed 42368K, reserved 1048576K
}
Event: 4937.051 GC heap before
{Heap before GC invocations=149 (full 0):
 garbage-first heap   total 1564672K, used 1314832K [0x0000000600000000, 0x0000000800000000)
  region size 4096K, 198 young (811008K), 2 survivors (8192K)
 Metaspace       used 315218K, committed 317696K, reserved 1376256K
  class space    used 41294K, committed 42432K, reserved 1048576K
}
Event: 4937.072 GC heap after
{Heap after GC invocations=150 (full 0):
 garbage-first heap   total 1564672K, used 520604K [0x0000000600000000, 0x0000000800000000)
  region size 4096K, 4 young (16384K), 4 survivors (16384K)
 Metaspace       used 315218K, committed 317696K, reserved 1376256K
  class space    used 41294K, committed 42432K, reserved 1048576K
}
Event: 4939.280 GC heap before
{Heap before GC invocations=151 (full 0):
 garbage-first heap   total 1564672K, used 1323420K [0x0000000600000000, 0x0000000800000000)
  region size 4096K, 200 young (819200K), 4 survivors (16384K)
 Metaspace       used 315443K, committed 317952K, reserved 1376256K
  class space    used 41297K, committed 42432K, reserved 1048576K
}
Event: 4939.306 GC heap after
{Heap after GC invocations=152 (full 0):
 garbage-first heap   total 1564672K, used 529403K [0x0000000600000000, 0x0000000800000000)
  region size 4096K, 6 young (24576K), 6 survivors (24576K)
 Metaspace       used 315443K, committed 317952K, reserved 1376256K
  class space    used 41297K, committed 42432K, reserved 1048576K
}
Event: 4939.406 GC heap before
{Heap before GC invocations=152 (full 0):
 garbage-first heap   total 1564672K, used 578555K [0x0000000600000000, 0x0000000800000000)
  region size 4096K, 19 young (77824K), 6 survivors (24576K)
 Metaspace       used 315450K, committed 317952K, reserved 1376256K
  class space    used 41297K, committed 42432K, reserved 1048576K
}
Event: 4939.437 GC heap after
{Heap after GC invocations=153 (full 0):
 garbage-first heap   total 1564672K, used 510950K [0x0000000600000000, 0x0000000800000000)
  region size 4096K, 2 young (8192K), 2 survivors (8192K)
 Metaspace       used 315450K, committed 317952K, reserved 1376256K
  class space    used 41297K, committed 42432K, reserved 1048576K
}
Event: 4944.265 GC heap before
{Heap before GC invocations=153 (full 0):
 garbage-first heap   total 1564672K, used 1321958K [0x0000000600000000, 0x0000000800000000)
  region size 4096K, 201 young (823296K), 2 survivors (8192K)
 Metaspace       used 315540K, committed 318016K, reserved 1376256K
  class space    used 41302K, committed 42432K, reserved 1048576K
}

